<?xml version="1.0" encoding="UTF-8"?>
<!-- Generated by org.testng.reporters.JUnitReportReporter -->
<testsuite hostname="LP-PF37LJCH" failures="0" tests="9" name="com.test.HomePageTest" time="173.436" errors="0" timestamp="2022-11-10T14:35:32 ICT" skipped="0">
  <testcase classname="com.test.HomePageTest" name="TittleTest" time="14.157"/>
  <system-out/>
  <testcase classname="com.test.HomePageTest" name="CancelButtonAddTest" time="19.973"/>
  <system-out/>
  <testcase classname="com.test.HomePageTest" name="CancelButtonEditTest" time="16.423"/>
  <system-out/>
  <testcase classname="com.test.HomePageTest" name="CancelButtonDeleteTest" time="17.208"/>
  <system-out/>
  <testcase classname="com.test.HomePageTest" name="AddEmployeeTest" time="14.906"/>
  <system-out/>
  <testcase classname="com.test.HomePageTest" name="EditEmployeeTest" time="25.468"/>
  <system-out/>
  <testcase classname="com.test.HomePageTest" name="DeleteTest" time="18.913"/>
  <system-out/>
  <testcase classname="com.test.HomePageTest" name="SearchTest" time="18.771"/>
  <system-out/>
  <testcase classname="com.test.HomePageTest" name="SearchIdTest" time="27.617"/>
  <system-out/>
</testsuite> <!-- com.test.HomePageTest -->
